<?xml version="1.0" encoding="UTF-8"?>
<testng-results skipped="0" failed="0" ignored="0" total="1" passed="1">
  <reporter-output>
  </reporter-output>
  <suite name="Default suite" duration-ms="10414" started-at="2019-06-20T19:46:02Z" finished-at="2019-06-20T19:46:13Z">
    <groups>
    </groups>
    <test name="Default test" duration-ms="10414" started-at="2019-06-20T19:46:02Z" finished-at="2019-06-20T19:46:13Z">
      <class name="Test.Sample">
        <test-method status="PASS" signature="Test()[pri:1, instance:Test.Sample@4abdb505]" name="Test" duration-ms="10394" started-at="2019-06-20T19:46:02Z" finished-at="2019-06-20T19:46:13Z">
          <reporter-output>
          </reporter-output>
        </test-method> <!-- Test -->
      </class> <!-- Test.Sample -->
    </test> <!-- Default test -->
  </suite> <!-- Default suite -->
</testng-results>
